0 info it worked if it ends with ok
1 verbose cli [ '/usr/bin/node', '/usr/bin/npm', 'uninstall', '--save', 'harp' ]
2 info using npm@1.4.28
3 info using node@v0.10.35
4 verbose node symlink /usr/bin/node
5 verbose node_modules/harp unbuild
6 info preuninstall harp@0.14.0
7 info uninstall harp@0.14.0
8 verbose true,/home/javpalala/apps/jpalabs/node_modules,/home/javpalala/apps/jpalabs/node_modules unbuild harp@0.14.0
9 verbose /home/javpalala/apps/jpalabs/node_modules/.bin,[object Object] binRoot
10 error Error: EACCES, unlink '/home/javpalala/apps/jpalabs/node_modules/.bin/harp'
10 error  { [Error: EACCES, unlink '/home/javpalala/apps/jpalabs/node_modules/.bin/harp']
10 error   errno: 3,
10 error   code: 'EACCES',
10 error   path: '/home/javpalala/apps/jpalabs/node_modules/.bin/harp' }
11 error Please try running this command again as root/Administrator.
12 error System Linux 3.2.0-4-amd64
13 error command "/usr/bin/node" "/usr/bin/npm" "uninstall" "--save" "harp"
14 error cwd /home/javpalala/apps/jpalabs
15 error node -v v0.10.35
16 error npm -v 1.4.28
17 error path /home/javpalala/apps/jpalabs/node_modules/.bin/harp
18 error code EACCES
19 error errno 3
20 error stack Error: EACCES, unlink '/home/javpalala/apps/jpalabs/node_modules/.bin/harp'
21 verbose exit [ 3, true ]
