0 info it worked if it ends with ok
1 verbose cli [ '/usr/bin/node', '/usr/bin/npm', 'install', 'html2jade', '-g' ]
2 info using npm@1.4.28
3 info using node@v0.10.36
4 verbose node symlink /usr/bin/node
5 verbose cache add [ 'html2jade', null ]
6 verbose cache add name=undefined spec="html2jade" args=["html2jade",null]
7 verbose parsed url { protocol: null,
7 verbose parsed url   slashes: null,
7 verbose parsed url   auth: null,
7 verbose parsed url   host: null,
7 verbose parsed url   port: null,
7 verbose parsed url   hostname: null,
7 verbose parsed url   hash: null,
7 verbose parsed url   search: null,
7 verbose parsed url   query: null,
7 verbose parsed url   pathname: 'html2jade',
7 verbose parsed url   path: 'html2jade',
7 verbose parsed url   href: 'html2jade' }
8 silly lockFile 512a5fdd-html2jade html2jade
9 verbose lock html2jade /home/javpalala/.npm/512a5fdd-html2jade.lock
10 silly lockFile 512a5fdd-html2jade html2jade
11 silly lockFile 512a5fdd-html2jade html2jade
12 verbose addNamed [ 'html2jade', '' ]
13 verbose addNamed [ null, '*' ]
14 silly lockFile a813af54-html2jade html2jade@
15 verbose lock html2jade@ /home/javpalala/.npm/a813af54-html2jade.lock
16 silly addNameRange { name: 'html2jade', range: '*', hasData: false }
17 verbose request where is /html2jade
18 verbose request registry https://registry.npmjs.org/
19 verbose request id 6dcc33fd8de51e00
20 verbose url raw /html2jade
21 verbose url resolving [ 'https://registry.npmjs.org/', './html2jade' ]
22 verbose url resolved https://registry.npmjs.org/html2jade
23 verbose request where is https://registry.npmjs.org/html2jade
24 info trying registry request attempt 1 at 01:24:04
25 http GET https://registry.npmjs.org/html2jade
26 http 200 https://registry.npmjs.org/html2jade
27 silly registry.get cb [ 200,
27 silly registry.get   { date: 'Tue, 10 Feb 2015 01:24:05 GMT',
27 silly registry.get     server: 'CouchDB/1.5.0 (Erlang OTP/R16B03)',
27 silly registry.get     etag: '"1SHOPNM6SQICNL937Q1NNZUG1"',
27 silly registry.get     'content-type': 'application/json',
27 silly registry.get     'cache-control': 'max-age=60',
27 silly registry.get     'content-length': '47402',
27 silly registry.get     'accept-ranges': 'bytes',
27 silly registry.get     via: '1.1 varnish',
27 silly registry.get     age: '0',
27 silly registry.get     'x-served-by': 'cache-sn89-SIN',
27 silly registry.get     'x-cache': 'MISS',
27 silly registry.get     'x-cache-hits': '0',
27 silly registry.get     'x-timer': 'S1423531444.161490,VS0,VE1459',
27 silly registry.get     vary: 'Accept',
27 silly registry.get     'keep-alive': 'timeout=10, max=50',
27 silly registry.get     connection: 'Keep-Alive' } ]
28 silly addNameRange number 2 { name: 'html2jade', range: '*', hasData: true }
29 silly addNameRange versions [ 'html2jade',
29 silly addNameRange   [ '0.0.2',
29 silly addNameRange     '0.0.3',
29 silly addNameRange     '0.0.4',
29 silly addNameRange     '0.0.5',
29 silly addNameRange     '0.0.6',
29 silly addNameRange     '0.0.7',
29 silly addNameRange     '0.0.8',
29 silly addNameRange     '0.1.0',
29 silly addNameRange     '0.1.1',
29 silly addNameRange     '0.1.2',
29 silly addNameRange     '0.1.3',
29 silly addNameRange     '0.1.4',
29 silly addNameRange     '0.1.15',
29 silly addNameRange     '0.1.16',
29 silly addNameRange     '0.1.17',
29 silly addNameRange     '0.1.18',
29 silly addNameRange     '0.1.19',
29 silly addNameRange     '0.1.20',
29 silly addNameRange     '0.2.0',
29 silly addNameRange     '0.2.1',
29 silly addNameRange     '0.3.0',
29 silly addNameRange     '0.4.0',
29 silly addNameRange     '0.4.1',
29 silly addNameRange     '0.4.2',
29 silly addNameRange     '0.4.3',
29 silly addNameRange     '0.4.4',
29 silly addNameRange     '0.4.5',
29 silly addNameRange     '0.5.0',
29 silly addNameRange     '0.5.1',
29 silly addNameRange     '0.5.2',
29 silly addNameRange     '0.5.3',
29 silly addNameRange     '0.6.0',
29 silly addNameRange     '0.6.1',
29 silly addNameRange     '0.6.2',
29 silly addNameRange     '0.6.3',
29 silly addNameRange     '0.6.4',
29 silly addNameRange     '0.6.5',
29 silly addNameRange     '0.7.0',
29 silly addNameRange     '0.7.1',
29 silly addNameRange     '0.7.5',
29 silly addNameRange     '0.7.6',
29 silly addNameRange     '0.7.7',
29 silly addNameRange     '0.7.8',
29 silly addNameRange     '0.8.0',
29 silly addNameRange     '0.8.1',
29 silly addNameRange     '0.8.2' ] ]
30 verbose addNamed [ 'html2jade', '0.8.2' ]
31 verbose addNamed [ '0.8.2', '0.8.2' ]
32 silly lockFile 773a916d-html2jade-0-8-2 html2jade@0.8.2
33 verbose lock html2jade@0.8.2 /home/javpalala/.npm/773a916d-html2jade-0-8-2.lock
34 silly lockFile e4fb75c9-rg-html2jade-html2jade-0-8-2-tgz https://registry.npmjs.org/html2jade/-/html2jade-0.8.2.tgz
35 verbose lock https://registry.npmjs.org/html2jade/-/html2jade-0.8.2.tgz /home/javpalala/.npm/e4fb75c9-rg-html2jade-html2jade-0-8-2-tgz.lock
36 verbose addRemoteTarball [ 'https://registry.npmjs.org/html2jade/-/html2jade-0.8.2.tgz',
36 verbose addRemoteTarball   '764d82a1e1e2a7efd4491629a26c2cf665a28179' ]
37 info retry fetch attempt 1 at 01:24:05
38 verbose fetch to= /tmp/npm-13182-ikfoQjlu/registry.npmjs.org/html2jade/-/html2jade-0.8.2.tgz
39 http GET https://registry.npmjs.org/html2jade/-/html2jade-0.8.2.tgz
40 http 200 https://registry.npmjs.org/html2jade/-/html2jade-0.8.2.tgz
41 silly lockFile e4fb75c9-rg-html2jade-html2jade-0-8-2-tgz https://registry.npmjs.org/html2jade/-/html2jade-0.8.2.tgz
42 silly lockFile e4fb75c9-rg-html2jade-html2jade-0-8-2-tgz https://registry.npmjs.org/html2jade/-/html2jade-0.8.2.tgz
43 silly lockFile 773a916d-html2jade-0-8-2 html2jade@0.8.2
44 silly lockFile 773a916d-html2jade-0-8-2 html2jade@0.8.2
45 silly lockFile a813af54-html2jade html2jade@
46 silly lockFile a813af54-html2jade html2jade@
47 silly resolved [ { name: 'html2jade',
47 silly resolved     description: 'HTML to Jade conversion tool',
47 silly resolved     version: '0.8.2',
47 silly resolved     author: { name: 'Don Park', email: 'donpark@docuverse.com' },
47 silly resolved     repository: { type: 'git', url: 'git://github.com/donpark/html2jade.git' },
47 silly resolved     license: 'BSD',
47 silly resolved     main: './lib/html2jade.js',
47 silly resolved     bin: { html2jade: './cli.js' },
47 silly resolved     scripts: { prepublish: 'coffee -c lib', test: 'mocha' },
47 silly resolved     dependencies: { commander: '*', he: '^0.4.1', 'jsdom-little': '^0.10.5' },
47 silly resolved     devDependencies: { async: '*', mocha: '*', 'coffee-script': '~1.6.3' },
47 silly resolved     engines: { node: '>= 0.4.0' },
47 silly resolved     gitHead: '0055ed1f496054a49149519b65c3a7a5a47723b6',
47 silly resolved     bugs: { url: 'https://github.com/donpark/html2jade/issues' },
47 silly resolved     homepage: 'https://github.com/donpark/html2jade',
47 silly resolved     _id: 'html2jade@0.8.2',
47 silly resolved     _shasum: '764d82a1e1e2a7efd4491629a26c2cf665a28179',
47 silly resolved     _from: 'html2jade@',
47 silly resolved     _npmVersion: '2.4.1',
47 silly resolved     _nodeVersion: '0.10.36',
47 silly resolved     _npmUser: { name: 'donpark', email: 'donpark@docuverse.com' },
47 silly resolved     maintainers: [ [Object] ],
47 silly resolved     dist:
47 silly resolved      { shasum: '764d82a1e1e2a7efd4491629a26c2cf665a28179',
47 silly resolved        tarball: 'http://registry.npmjs.org/html2jade/-/html2jade-0.8.2.tgz' },
47 silly resolved     directories: {},
47 silly resolved     _resolved: 'https://registry.npmjs.org/html2jade/-/html2jade-0.8.2.tgz' } ]
48 info install html2jade@0.8.2 into /usr/lib
49 info installOne html2jade@0.8.2
50 verbose lib/node_modules/html2jade unbuild
51 verbose tar unpack /home/javpalala/.npm/html2jade/0.8.2/package.tgz
52 silly lockFile 54e289e9-r-usr-lib-node-modules-html2jade tar:///usr/lib/node_modules/html2jade
53 verbose lock tar:///usr/lib/node_modules/html2jade /home/javpalala/.npm/54e289e9-r-usr-lib-node-modules-html2jade.lock
54 silly lockFile f78519fa--npm-html2jade-0-8-2-package-tgz tar:///home/javpalala/.npm/html2jade/0.8.2/package.tgz
55 verbose lock tar:///home/javpalala/.npm/html2jade/0.8.2/package.tgz /home/javpalala/.npm/f78519fa--npm-html2jade-0-8-2-package-tgz.lock
56 silly gunzTarPerm modes [ '755', '644' ]
57 error Error: EACCES, mkdir '/usr/lib/node_modules/html2jade'
57 error  { [Error: EACCES, mkdir '/usr/lib/node_modules/html2jade']
57 error   errno: 3,
57 error   code: 'EACCES',
57 error   path: '/usr/lib/node_modules/html2jade',
57 error   fstream_type: 'Directory',
57 error   fstream_path: '/usr/lib/node_modules/html2jade',
57 error   fstream_class: 'DirWriter',
57 error   fstream_stack:
57 error    [ '/usr/lib/node_modules/npm/node_modules/fstream/lib/dir-writer.js:36:23',
57 error      '/usr/lib/node_modules/npm/node_modules/mkdirp/index.js:46:53',
57 error      'Object.oncomplete (fs.js:108:15)' ] }
58 error Please try running this command again as root/Administrator.
59 error System Linux 3.2.0-4-amd64
60 error command "/usr/bin/node" "/usr/bin/npm" "install" "html2jade" "-g"
61 error cwd /home/javpalala/apps/bitchat/views
62 error node -v v0.10.36
63 error npm -v 1.4.28
64 error path /usr/lib/node_modules/html2jade
65 error fstream_path /usr/lib/node_modules/html2jade
66 error fstream_type Directory
67 error fstream_class DirWriter
68 error code EACCES
69 error errno 3
70 error stack Error: EACCES, mkdir '/usr/lib/node_modules/html2jade'
71 error fstream_stack /usr/lib/node_modules/npm/node_modules/fstream/lib/dir-writer.js:36:23
71 error fstream_stack /usr/lib/node_modules/npm/node_modules/mkdirp/index.js:46:53
71 error fstream_stack Object.oncomplete (fs.js:108:15)
72 verbose exit [ 3, true ]
